<?xml version="1.0" encoding="UTF-8"?>
<coverage generated="1780883976483" clover="3.2.0">
  <project timestamp="1780883976483" name="All files">
    <metrics statements="235" coveredstatements="224" conditionals="177" coveredconditionals="148" methods="73" coveredmethods="66" elements="485" coveredelements="438" complexity="0" loc="235" ncloc="235" packages="4" files="15" classes="15"/>
    <package name="src.components">
      <metrics statements="208" coveredstatements="199" conditionals="155" coveredconditionals="134" methods="61" coveredmethods="56"/>
      <file name="About.vue" path="/Users/wilbertopachecobatista/Projects/portafolio/src/components/About.vue">
        <metrics statements="7" coveredstatements="7" conditionals="12" coveredconditionals="12" methods="0" coveredmethods="0"/>
        <line num="2" count="9" type="stmt"/>
        <line num="3" count="1" type="stmt"/>
        <line num="11" count="1" type="stmt"/>
        <line num="14" count="1" type="stmt"/>
        <line num="21" count="1" type="stmt"/>
        <line num="25" count="1" type="stmt"/>
        <line num="94" count="1" type="stmt"/>
      </file>
      <file name="Certifications.vue" path="/Users/wilbertopachecobatista/Projects/portafolio/src/components/Certifications.vue">
        <metrics statements="18" coveredstatements="18" conditionals="6" coveredconditionals="5" methods="5" coveredmethods="5"/>
        <line num="2" count="11" type="stmt"/>
        <line num="12" count="22" type="stmt"/>
        <line num="19" count="1" type="stmt"/>
        <line num="32" count="1" type="stmt"/>
        <line num="33" count="1" type="stmt"/>
        <line num="45" count="1" type="stmt"/>
        <line num="47" count="1" type="stmt"/>
        <line num="56" count="1" type="stmt"/>
        <line num="58" count="1" type="stmt"/>
        <line num="61" count="110" type="stmt"/>
        <line num="76" count="1" type="stmt"/>
        <line num="80" count="11" type="stmt"/>
        <line num="81" count="11" type="stmt"/>
        <line num="82" count="22" type="stmt"/>
        <line num="86" count="22" type="stmt"/>
        <line num="96" count="44" type="stmt"/>
        <line num="97" count="44" type="stmt"/>
        <line num="100" count="44" type="stmt"/>
      </file>
      <file name="Education.vue" path="/Users/wilbertopachecobatista/Projects/portafolio/src/components/Education.vue">
        <metrics statements="13" coveredstatements="13" conditionals="2" coveredconditionals="2" methods="4" coveredmethods="4"/>
        <line num="2" count="10" type="stmt"/>
        <line num="7" count="10" type="stmt"/>
        <line num="14" count="1" type="stmt"/>
        <line num="27" count="1" type="stmt"/>
        <line num="28" count="1" type="stmt"/>
        <line num="40" count="1" type="stmt"/>
        <line num="42" count="1" type="stmt"/>
        <line num="56" count="1" type="stmt"/>
        <line num="60" count="10" type="stmt"/>
        <line num="61" count="10" type="stmt"/>
        <line num="69" count="10" type="stmt"/>
        <line num="70" count="10" type="stmt"/>
        <line num="73" count="10" type="stmt"/>
      </file>
      <file name="Experience.vue" path="/Users/wilbertopachecobatista/Projects/portafolio/src/components/Experience.vue">
        <metrics statements="11" coveredstatements="11" conditionals="4" coveredconditionals="3" methods="3" coveredmethods="3"/>
        <line num="2" count="18" type="stmt"/>
        <line num="5" count="18" type="stmt"/>
        <line num="11" count="1" type="stmt"/>
        <line num="12" count="1" type="stmt"/>
        <line num="13" count="1" type="stmt"/>
        <line num="14" count="1" type="stmt"/>
        <line num="15" count="1" type="stmt"/>
        <line num="25" count="1" type="stmt"/>
        <line num="27" count="36" type="stmt"/>
        <line num="46" count="1" type="stmt"/>
        <line num="50" count="18" type="stmt"/>
      </file>
      <file name="ExperienceItem.vue" path="/Users/wilbertopachecobatista/Projects/portafolio/src/components/ExperienceItem.vue">
        <metrics statements="10" coveredstatements="10" conditionals="2" coveredconditionals="1" methods="1" coveredmethods="1"/>
        <line num="2" count="12" type="stmt"/>
        <line num="3" count="1" type="stmt"/>
        <line num="4" count="1" type="stmt"/>
        <line num="5" count="1" type="stmt"/>
        <line num="6" count="1" type="stmt"/>
        <line num="8" count="1" type="stmt"/>
        <line num="19" count="1" type="stmt"/>
        <line num="20" count="1" type="stmt"/>
        <line num="21" count="36" type="stmt"/>
        <line num="31" count="1" type="stmt"/>
      </file>
      <file name="Footer.vue" path="/Users/wilbertopachecobatista/Projects/portafolio/src/components/Footer.vue">
        <metrics statements="8" coveredstatements="8" conditionals="2" coveredconditionals="2" methods="2" coveredmethods="2"/>
        <line num="2" count="12" type="stmt"/>
        <line num="3" count="1" type="stmt"/>
        <line num="13" count="1" type="stmt"/>
        <line num="37" count="1" type="stmt"/>
        <line num="40" count="12" type="stmt"/>
        <line num="49" count="2" type="stmt"/>
        <line num="50" count="2" type="cond" truecount="2" falsecount="0"/>
        <line num="51" count="1" type="stmt"/>
      </file>
      <file name="LanguageToggle.vue" path="/Users/wilbertopachecobatista/Projects/portafolio/src/components/LanguageToggle.vue">
        <metrics statements="14" coveredstatements="14" conditionals="8" coveredconditionals="6" methods="4" coveredmethods="4"/>
        <line num="2" count="40" type="stmt"/>
        <line num="5" count="1" type="cond" truecount="4" falsecount="0"/>
        <line num="16" count="2" type="stmt"/>
        <line num="25" count="2" type="stmt"/>
        <line num="28" count="39" type="stmt"/>
        <line num="30" count="40" type="stmt"/>
        <line num="32" count="39" type="stmt"/>
        <line num="33" count="1" type="cond" truecount="1" falsecount="1"/>
        <line num="34" count="1" type="stmt"/>
        <line num="35" count="1" type="stmt"/>
        <line num="38" count="1" type="stmt"/>
        <line num="41" count="1" type="cond" truecount="1" falsecount="1"/>
        <line num="44" count="1" type="stmt"/>
        <line num="47" count="39" type="stmt"/>
      </file>
      <file name="Languages.vue" path="/Users/wilbertopachecobatista/Projects/portafolio/src/components/Languages.vue">
        <metrics statements="9" coveredstatements="9" conditionals="0" coveredconditionals="0" methods="3" coveredmethods="3"/>
        <line num="2" count="7" type="stmt"/>
        <line num="6" count="14" type="stmt"/>
        <line num="12" count="1" type="stmt"/>
        <line num="23" count="1" type="stmt"/>
        <line num="31" count="1" type="stmt"/>
        <line num="35" count="7" type="stmt"/>
        <line num="49" count="14" type="stmt"/>
        <line num="50" count="14" type="stmt"/>
        <line num="53" count="14" type="stmt"/>
      </file>
      <file name="Navigation.vue" path="/Users/wilbertopachecobatista/Projects/portafolio/src/components/Navigation.vue">
        <metrics statements="110" coveredstatements="101" conditionals="111" coveredconditionals="97" methods="36" coveredmethods="31"/>
        <line num="2" count="56" type="stmt"/>
        <line num="3" count="1" type="stmt"/>
        <line num="7" count="10" type="cond" truecount="4" falsecount="0"/>
        <line num="13" count="1" type="cond" truecount="2" falsecount="0"/>
        <line num="27" count="0" type="cond" truecount="2" falsecount="0"/>
        <line num="32" count="1" type="cond" truecount="2" falsecount="0"/>
        <line num="37" count="0" type="cond" truecount="2" falsecount="0"/>
        <line num="42" count="0" type="cond" truecount="2" falsecount="0"/>
        <line num="47" count="0" type="cond" truecount="2" falsecount="0"/>
        <line num="52" count="0" type="cond" truecount="2" falsecount="0"/>
        <line num="59" count="1" type="stmt"/>
        <line num="66" count="2" type="cond" truecount="4" falsecount="0"/>
        <line num="91" count="1" type="cond" truecount="4" falsecount="0"/>
        <line num="93" count="42" type="stmt"/>
        <line num="104" count="1" type="stmt"/>
        <line num="108" count="1" type="cond" truecount="4" falsecount="0"/>
        <line num="116" count="1" type="stmt"/>
        <line num="117" count="54" type="stmt"/>
        <line num="125" count="1" type="stmt"/>
        <line num="130" count="1" type="stmt"/>
        <line num="134" count="42" type="stmt"/>
        <line num="143" count="1" type="stmt"/>
        <line num="149" count="27" type="stmt"/>
        <line num="171" count="15" type="cond" truecount="2" falsecount="0"/>
        <line num="176" count="27" type="cond" truecount="3" falsecount="0"/>
        <line num="178" count="27" type="stmt"/>
        <line num="181" count="27" type="stmt"/>
        <line num="184" count="27" type="stmt"/>
        <line num="187" count="27" type="stmt"/>
        <line num="190" count="27" type="stmt"/>
        <line num="193" count="27" type="stmt"/>
        <line num="197" count="25" type="stmt"/>
        <line num="198" count="25" type="stmt"/>
        <line num="199" count="25" type="stmt"/>
        <line num="200" count="25" type="stmt"/>
        <line num="201" count="25" type="stmt"/>
        <line num="204" count="25" type="cond" truecount="1" falsecount="1"/>
        <line num="205" count="0" type="stmt"/>
        <line num="207" count="25" type="cond" truecount="1" falsecount="1"/>
        <line num="208" count="0" type="stmt"/>
        <line num="213" count="4" type="stmt"/>
        <line num="216" count="4" type="cond" truecount="1" falsecount="1"/>
        <line num="217" count="0" type="stmt"/>
        <line num="220" count="4" type="stmt"/>
        <line num="221" count="4" type="stmt"/>
        <line num="222" count="4" type="stmt"/>
        <line num="227" count="33" type="stmt"/>
        <line num="228" count="33" type="stmt"/>
        <line num="231" count="33" type="cond" truecount="2" falsecount="0"/>
        <line num="232" count="27" type="stmt"/>
        <line num="236" count="33" type="stmt"/>
        <line num="238" count="33" type="stmt"/>
        <line num="239" count="41" type="stmt"/>
        <line num="240" count="41" type="stmt"/>
        <line num="242" count="41" type="cond" truecount="5" falsecount="0"/>
        <line num="243" count="33" type="stmt"/>
        <line num="244" count="33" type="stmt"/>
        <line num="249" count="33" type="cond" truecount="2" falsecount="0"/>
        <line num="250" count="22" type="stmt"/>
        <line num="253" count="33" type="stmt"/>
        <line num="258" count="29" type="stmt"/>
        <line num="259" count="29" type="stmt"/>
        <line num="261" count="29" type="stmt"/>
        <line num="262" count="174" type="stmt"/>
        <line num="263" count="174" type="cond" truecount="1" falsecount="1"/>
        <line num="265" count="174" type="stmt"/>
        <line num="274" count="2" type="stmt"/>
        <line num="275" count="2" type="cond" truecount="1" falsecount="1"/>
        <line num="279" count="2" type="stmt"/>
        <line num="280" count="2" type="cond" truecount="1" falsecount="1"/>
        <line num="282" count="2" type="stmt"/>
        <line num="285" count="2" type="cond" truecount="1" falsecount="1"/>
        <line num="286" count="2" type="stmt"/>
        <line num="288" count="2" type="stmt"/>
        <line num="295" count="2" type="cond" truecount="1" falsecount="1"/>
        <line num="296" count="2" type="cond" truecount="1" falsecount="1"/>
        <line num="297" count="2" type="stmt"/>
        <line num="299" count="2" type="cond" truecount="1" falsecount="1"/>
        <line num="300" count="2" type="stmt"/>
        <line num="301" count="2" type="stmt"/>
        <line num="304" count="2" type="stmt"/>
        <line num="309" count="2" type="stmt"/>
        <line num="311" count="2" type="cond" truecount="1" falsecount="1"/>
        <line num="312" count="0" type="stmt"/>
        <line num="314" count="2" type="stmt"/>
        <line num="315" count="2" type="stmt"/>
        <line num="316" count="2" type="stmt"/>
        <line num="321" count="6" type="stmt"/>
        <line num="322" count="6" type="stmt"/>
        <line num="323" count="6" type="cond" truecount="2" falsecount="0"/>
        <line num="327" count="33" type="cond" truecount="2" falsecount="0"/>
        <line num="331" count="10" type="stmt"/>
        <line num="335" count="5" type="stmt"/>
        <line num="340" count="1" type="stmt"/>
        <line num="341" count="1" type="stmt"/>
        <line num="342" count="1" type="stmt"/>
        <line num="343" count="1" type="stmt"/>
        <line num="349" count="37" type="cond" truecount="2" falsecount="0"/>
        <line num="352" count="11" type="stmt"/>
        <line num="353" count="11" type="stmt"/>
        <line num="354" count="11" type="cond" truecount="4" falsecount="0"/>
        <line num="355" count="1" type="stmt"/>
        <line num="361" count="6" type="cond" truecount="4" falsecount="0"/>
        <line num="362" count="1" type="stmt"/>
        <line num="364" count="1" type="stmt"/>
        <line num="365" count="1" type="cond" truecount="1" falsecount="1"/>
        <line num="366" count="1" type="stmt"/>
        <line num="371" count="6" type="cond" truecount="5" falsecount="0"/>
        <line num="372" count="4" type="stmt"/>
        <line num="373" count="4" type="stmt"/>
      </file>
      <file name="SkillItem.vue" path="/Users/wilbertopachecobatista/Projects/portafolio/src/components/SkillItem.vue">
        <metrics statements="2" coveredstatements="2" conditionals="2" coveredconditionals="2" methods="0" coveredmethods="0"/>
        <line num="2" count="8" type="stmt"/>
        <line num="20" count="1" type="stmt"/>
      </file>
      <file name="Skills.vue" path="/Users/wilbertopachecobatista/Projects/portafolio/src/components/Skills.vue">
        <metrics statements="6" coveredstatements="6" conditionals="6" coveredconditionals="4" methods="3" coveredmethods="3"/>
        <line num="2" count="18" type="stmt"/>
        <line num="6" count="108" type="stmt"/>
        <line num="14" count="612" type="stmt"/>
        <line num="28" count="1" type="stmt"/>
        <line num="37" count="1" type="stmt"/>
        <line num="41" count="18" type="stmt"/>
      </file>
    </package>
    <package name="src.i18n">
      <metrics statements="5" coveredstatements="5" conditionals="14" coveredconditionals="10" methods="4" coveredmethods="4"/>
      <file name="content.js" path="/Users/wilbertopachecobatista/Projects/portafolio/src/i18n/content.js">
        <metrics statements="5" coveredstatements="5" conditionals="14" coveredconditionals="10" methods="4" coveredmethods="4"/>
        <line num="7" count="20" type="cond" truecount="2" falsecount="0"/>
        <line num="8" count="20" type="cond" truecount="1" falsecount="1"/>
        <line num="13" count="6" type="cond" truecount="1" falsecount="1"/>
        <line num="17" count="5" type="cond" truecount="1" falsecount="1"/>
        <line num="21" count="5" type="cond" truecount="1" falsecount="1"/>
      </file>
    </package>
    <package name="src.i18n.locales">
      <metrics statements="0" coveredstatements="0" conditionals="0" coveredconditionals="0" methods="0" coveredmethods="0"/>
      <file name="en.json" path="/Users/wilbertopachecobatista/Projects/portafolio/src/i18n/locales/en.json">
        <metrics statements="0" coveredstatements="0" conditionals="0" coveredconditionals="0" methods="0" coveredmethods="0"/>
      </file>
      <file name="es.json" path="/Users/wilbertopachecobatista/Projects/portafolio/src/i18n/locales/es.json">
        <metrics statements="0" coveredstatements="0" conditionals="0" coveredconditionals="0" methods="0" coveredmethods="0"/>
      </file>
    </package>
    <package name="tests.unit.helpers">
      <metrics statements="22" coveredstatements="20" conditionals="8" coveredconditionals="4" methods="8" coveredmethods="6"/>
      <file name="navigationDom.js" path="/Users/wilbertopachecobatista/Projects/portafolio/tests/unit/helpers/navigationDom.js">
        <metrics statements="22" coveredstatements="20" conditionals="8" coveredconditionals="4" methods="8" coveredmethods="6"/>
        <line num="1" count="1" type="stmt"/>
        <line num="11" count="27" type="stmt"/>
        <line num="12" count="162" type="stmt"/>
        <line num="13" count="162" type="cond" truecount="1" falsecount="1"/>
        <line num="15" count="162" type="stmt"/>
        <line num="16" count="162" type="stmt"/>
        <line num="18" count="162" type="stmt"/>
        <line num="19" count="162" type="stmt"/>
        <line num="20" count="162" type="stmt"/>
        <line num="22" count="162" type="stmt"/>
        <line num="24" count="174" type="stmt"/>
        <line num="26" count="162" type="stmt"/>
        <line num="28" count="174" type="stmt"/>
        <line num="31" count="162" type="stmt"/>
        <line num="32" count="162" type="stmt"/>
        <line num="35" count="27" type="stmt"/>
        <line num="36" count="27" type="cond" truecount="2" falsecount="2"/>
        <line num="37" count="0" type="stmt"/>
        <line num="39" count="0" type="stmt"/>
        <line num="45" count="27" type="stmt"/>
        <line num="46" count="162" type="stmt"/>
        <line num="47" count="162" type="cond" truecount="1" falsecount="1"/>
      </file>
    </package>
  </project>
</coverage>
