{"/Users/wilbertopachecobatista/Projects/portafolio/src/components/About.vue": {"path":"/Users/wilbertopachecobatista/Projects/portafolio/src/components/About.vue","statementMap":{"0":{"start":{"line":94,"column":15},"end":{"line":96,"column":1}},"1":{"start":{"line":3,"column":9},"end":{"line":3,"column":null}},"2":{"start":{"line":11,"column":10},"end":{"line":11,"column":35}},"3":{"start":{"line":14,"column":9},"end":{"line":14,"column":null}},"4":{"start":{"line":21,"column":13},"end":{"line":21,"column":null}},"5":{"start":{"line":25,"column":13},"end":{"line":25,"column":null}},"6":{"start":{"line":2,"column":2},"end":{"line":86,"column":null}}},"fnMap":{},"branchMap":{"0":{"loc":{"start":{"line":7,"column":8},"end":{"line":7,"column":49}},"type":"binary-expr","locations":[{"start":{"line":7,"column":8},"end":{"line":7,"column":14}},{"start":{"line":7,"column":8},"end":{"line":7,"column":49}}],"line":7},"1":{"loc":{"start":{"line":20,"column":8},"end":{"line":20,"column":73}},"type":"binary-expr","locations":[{"start":{"line":20,"column":8},"end":{"line":20,"column":12}},{"start":{"line":20,"column":8},"end":{"line":20,"column":73}}],"line":20},"2":{"loc":{"start":{"line":23,"column":10},"end":{"line":23,"column":138}},"type":"binary-expr","locations":[{"start":{"line":23,"column":10},"end":{"line":23,"column":13}},{"start":{"line":23,"column":10},"end":{"line":23,"column":138}}],"line":23},"3":{"loc":{"start":{"line":27,"column":10},"end":{"line":27,"column":39}},"type":"binary-expr","locations":[{"start":{"line":27,"column":10},"end":{"line":27,"column":16}},{"start":{"line":27,"column":10},"end":{"line":27,"column":39}}],"line":27},"4":{"loc":{"start":{"line":33,"column":8},"end":{"line":33,"column":71}},"type":"binary-expr","locations":[{"start":{"line":33,"column":8},"end":{"line":33,"column":12}},{"start":{"line":33,"column":8},"end":{"line":33,"column":71}}],"line":33},"5":{"loc":{"start":{"line":68,"column":8},"end":{"line":68,"column":68}},"type":"binary-expr","locations":[{"start":{"line":68,"column":8},"end":{"line":68,"column":12}},{"start":{"line":68,"column":8},"end":{"line":68,"column":68}}],"line":68}},"s":{"0":1,"1":1,"2":1,"3":1,"4":1,"5":1,"6":9},"f":{},"b":{"0":[9,9],"1":[9,9],"2":[9,9],"3":[9,9],"4":[9,9],"5":[9,9]},"meta":{"lastBranch":0,"lastFunction":0,"lastStatement":0,"seen":{}}}
,"/Users/wilbertopachecobatista/Projects/portafolio/src/components/Certifications.vue": {"path":"/Users/wilbertopachecobatista/Projects/portafolio/src/components/Certifications.vue","statementMap":{"0":{"start":{"line":76,"column":15},"end":{"line":104,"column":1}},"1":{"start":{"line":80,"column":31},"end":{"line":80,"column":69}},"2":{"start":{"line":81,"column":6},"end":{"line":91,"column":null}},"3":{"start":{"line":82,"column":28},"end":{"line":85,"column":9}},"4":{"start":{"line":86,"column":8},"end":{"line":90,"column":null}},"5":{"start":{"line":96,"column":6},"end":{"line":101,"column":null}},"6":{"start":{"line":97,"column":8},"end":{"line":97,"column":null}},"7":{"start":{"line":100,"column":8},"end":{"line":100,"column":null}},"8":{"start":{"line":19,"column":15},"end":{"line":19,"column":null}},"9":{"start":{"line":32,"column":15},"end":{"line":32,"column":null}},"10":{"start":{"line":33,"column":16},"end":{"line":33,"column":null}},"11":{"start":{"line":45,"column":17},"end":{"line":45,"column":48}},"12":{"start":{"line":47,"column":17},"end":{"line":47,"column":null}},"13":{"start":{"line":56,"column":15},"end":{"line":56,"column":52}},"14":{"start":{"line":58,"column":17},"end":{"line":58,"column":null}},"15":{"start":{"line":2,"column":2},"end":{"line":62,"column":null}},"16":{"start":{"line":12,"column":8},"end":{"line":62,"column":null}},"17":{"start":{"line":61,"column":16},"end":{"line":62,"column":null}}},"fnMap":{"0":{"name":"(anonymous_0)","decl":{"start":{"line":79,"column":4},"end":{"line":79,"column":18}},"loc":{"start":{"line":79,"column":21},"end":{"line":92,"column":5}},"line":79},"1":{"name":"(anonymous_1)","decl":{"start":{"line":81,"column":36},"end":{"line":81,"column":37}},"loc":{"start":{"line":81,"column":53},"end":{"line":91,"column":7}},"line":81},"2":{"name":"(anonymous_2)","decl":{"start":{"line":95,"column":4},"end":{"line":95,"column":25}},"loc":{"start":{"line":95,"column":36},"end":{"line":102,"column":5}},"line":95},"3":{"name":"(anonymous_3)","decl":{"start":{"line":14,"column":57},"end":{"line":14,"column":null}},"loc":{"start":{"line":14,"column":38},"end":{"line":62,"column":null}},"line":14},"4":{"name":"(anonymous_4)","decl":{"start":{"line":61,"column":70},"end":{"line":61,"column":73}},"loc":{"start":{"line":61,"column":45},"end":{"line":62,"column":null}},"line":61}},"branchMap":{"0":{"loc":{"start":{"line":89,"column":20},"end":{"line":89,"column":null}},"type":"cond-expr","locations":[{"start":{"line":89,"column":66},"end":{"line":89,"column":78}},{"start":{"line":89,"column":80},"end":{"line":89,"column":null}}],"line":89},"1":{"loc":{"start":{"line":9,"column":6},"end":{"line":9,"column":85}},"type":"binary-expr","locations":[{"start":{"line":9,"column":6},"end":{"line":9,"column":10}},{"start":{"line":9,"column":6},"end":{"line":9,"column":85}}],"line":9},"2":{"loc":{"start":{"line":52,"column":23},"end":{"line":53,"column":null}},"type":"cond-expr","locations":[{"start":{"line":52,"column":12},"end":{"line":53,"column":null}}],"line":52}},"s":{"0":1,"1":11,"2":11,"3":22,"4":22,"5":44,"6":44,"7":44,"8":1,"9":1,"10":1,"11":1,"12":1,"13":1,"14":1,"15":11,"16":22,"17":110},"f":{"0":11,"1":22,"2":44,"3":22,"4":110},"b":{"0":[11,11],"1":[11,11],"2":[11,null]},"meta":{"lastBranch":0,"lastFunction":0,"lastStatement":0,"seen":{}}}
,"/Users/wilbertopachecobatista/Projects/portafolio/src/components/Education.vue": {"path":"/Users/wilbertopachecobatista/Projects/portafolio/src/components/Education.vue","statementMap":{"0":{"start":{"line":56,"column":15},"end":{"line":77,"column":1}},"1":{"start":{"line":60,"column":26},"end":{"line":60,"column":59}},"2":{"start":{"line":61,"column":6},"end":{"line":64,"column":null}},"3":{"start":{"line":61,"column":40},"end":{"line":64,"column":7}},"4":{"start":{"line":69,"column":6},"end":{"line":74,"column":null}},"5":{"start":{"line":70,"column":8},"end":{"line":70,"column":null}},"6":{"start":{"line":73,"column":8},"end":{"line":73,"column":null}},"7":{"start":{"line":14,"column":15},"end":{"line":14,"column":null}},"8":{"start":{"line":27,"column":15},"end":{"line":27,"column":null}},"9":{"start":{"line":28,"column":16},"end":{"line":28,"column":null}},"10":{"start":{"line":40,"column":17},"end":{"line":40,"column":41}},"11":{"start":{"line":42,"column":17},"end":{"line":42,"column":null}},"12":{"start":{"line":2,"column":2},"end":{"line":44,"column":78}},"13":{"start":{"line":7,"column":8},"end":{"line":44,"column":78}}},"fnMap":{"0":{"name":"(anonymous_0)","decl":{"start":{"line":59,"column":4},"end":{"line":59,"column":20}},"loc":{"start":{"line":59,"column":23},"end":{"line":65,"column":5}},"line":59},"1":{"name":"(anonymous_1)","decl":{"start":{"line":61,"column":31},"end":{"line":61,"column":36}},"loc":{"start":{"line":61,"column":40},"end":{"line":64,"column":7}},"line":61},"2":{"name":"(anonymous_2)","decl":{"start":{"line":68,"column":4},"end":{"line":68,"column":21}},"loc":{"start":{"line":68,"column":32},"end":{"line":75,"column":5}},"line":68},"3":{"name":"(anonymous_3)","decl":{"start":{"line":9,"column":55},"end":{"line":9,"column":null}},"loc":{"start":{"line":9,"column":34},"end":{"line":44,"column":78}},"line":9}},"branchMap":{"0":{"loc":{"start":{"line":4,"column":6},"end":{"line":4,"column":73}},"type":"binary-expr","locations":[{"start":{"line":4,"column":6},"end":{"line":4,"column":10}},{"start":{"line":4,"column":6},"end":{"line":4,"column":73}}],"line":4}},"s":{"0":1,"1":10,"2":10,"3":10,"4":10,"5":10,"6":10,"7":1,"8":1,"9":1,"10":1,"11":1,"12":10,"13":10},"f":{"0":10,"1":10,"2":10,"3":10},"b":{"0":[10,10]},"meta":{"lastBranch":0,"lastFunction":0,"lastStatement":0,"seen":{}}}
,"/Users/wilbertopachecobatista/Projects/portafolio/src/components/Experience.vue": {"path":"/Users/wilbertopachecobatista/Projects/portafolio/src/components/Experience.vue","statementMap":{"0":{"start":{"line":46,"column":15},"end":{"line":53,"column":1}},"1":{"start":{"line":50,"column":6},"end":{"line":50,"column":null}},"2":{"start":{"line":11,"column":11},"end":{"line":11,"column":null}},"3":{"start":{"line":12,"column":13},"end":{"line":12,"column":null}},"4":{"start":{"line":13,"column":14},"end":{"line":13,"column":42}},"5":{"start":{"line":14,"column":15},"end":{"line":14,"column":44}},"6":{"start":{"line":15,"column":15},"end":{"line":15,"column":null}},"7":{"start":{"line":25,"column":13},"end":{"line":25,"column":null}},"8":{"start":{"line":2,"column":2},"end":{"line":33,"column":null}},"9":{"start":{"line":5,"column":6},"end":{"line":33,"column":null}},"10":{"start":{"line":27,"column":12},"end":{"line":33,"column":null}}},"fnMap":{"0":{"name":"(anonymous_0)","decl":{"start":{"line":49,"column":4},"end":{"line":49,"column":18}},"loc":{"start":{"line":49,"column":21},"end":{"line":51,"column":5}},"line":49},"1":{"name":"(anonymous_1)","decl":{"start":{"line":7,"column":45},"end":{"line":7,"column":null}},"loc":{"start":{"line":7,"column":26},"end":{"line":33,"column":null}},"line":7},"2":{"name":"(anonymous_2)","decl":{"start":{"line":28,"column":72},"end":{"line":28,"column":null}},"loc":{"start":{"line":28,"column":47},"end":{"line":33,"column":null}},"line":28}},"branchMap":{"0":{"loc":{"start":{"line":3,"column":4},"end":{"line":3,"column":77}},"type":"binary-expr","locations":[{"start":{"line":3,"column":4},"end":{"line":3,"column":8}},{"start":{"line":3,"column":4},"end":{"line":3,"column":77}}],"line":3},"1":{"loc":{"start":{"line":18,"column":24},"end":{"line":20,"column":78}},"type":"cond-expr","locations":[{"start":{"line":18,"column":12},"end":{"line":20,"column":78}}],"line":18}},"s":{"0":1,"1":18,"2":1,"3":1,"4":1,"5":1,"6":1,"7":1,"8":18,"9":18,"10":36},"f":{"0":18,"1":18,"2":36},"b":{"0":[18,18],"1":[18,null]},"meta":{"lastBranch":2,"lastFunction":3,"lastStatement":11,"seen":{"s:46:15:53:1":0,"f:49:4:49:18":0,"s:50:6:50:Infinity":1,"s:11:11:11:Infinity":2,"s:12:13:12:Infinity":3,"s:13:14:13:42":4,"s:14:15:14:44":5,"s:15:15:15:Infinity":6,"s:25:13:25:Infinity":7,"s:2:2:33:Infinity":8,"b:3:4:3:8:3:4:3:77":0,"f:7:45:7:Infinity":1,"s:5:6:33:Infinity":9,"b:18:12:20:78":1,"f:28:72:28:Infinity":2,"s:27:12:33:Infinity":10}}}
,"/Users/wilbertopachecobatista/Projects/portafolio/src/components/ExperienceItem.vue": {"path":"/Users/wilbertopachecobatista/Projects/portafolio/src/components/ExperienceItem.vue","statementMap":{"0":{"start":{"line":31,"column":15},"end":{"line":56,"column":1}},"1":{"start":{"line":3,"column":9},"end":{"line":3,"column":null}},"2":{"start":{"line":4,"column":11},"end":{"line":4,"column":null}},"3":{"start":{"line":5,"column":12},"end":{"line":5,"column":38}},"4":{"start":{"line":6,"column":14},"end":{"line":6,"column":49}},"5":{"start":{"line":8,"column":17},"end":{"line":8,"column":null}},"6":{"start":{"line":19,"column":11},"end":{"line":19,"column":null}},"7":{"start":{"line":20,"column":12},"end":{"line":20,"column":null}},"8":{"start":{"line":2,"column":2},"end":{"line":22,"column":null}},"9":{"start":{"line":21,"column":10},"end":{"line":22,"column":null}}},"fnMap":{"0":{"name":"(anonymous_0)","decl":{"start":{"line":21,"column":64},"end":{"line":21,"column":67}},"loc":{"start":{"line":21,"column":43},"end":{"line":22,"column":null}},"line":21}},"branchMap":{"0":{"loc":{"start":{"line":12,"column":23},"end":{"line":14,"column":null}},"type":"cond-expr","locations":[{"start":{"line":12,"column":10},"end":{"line":14,"column":null}}],"line":12}},"s":{"0":1,"1":1,"2":1,"3":1,"4":1,"5":1,"6":1,"7":1,"8":12,"9":36},"f":{"0":36},"b":{"0":[11,null]},"meta":{"lastBranch":1,"lastFunction":1,"lastStatement":10,"seen":{"s:31:15:56:1":0,"s:3:9:3:Infinity":1,"s:4:11:4:Infinity":2,"s:5:12:5:38":3,"s:6:14:6:49":4,"s:8:17:8:Infinity":5,"s:19:11:19:Infinity":6,"s:20:12:20:Infinity":7,"s:2:2:22:Infinity":8,"b:12:10:14:Infinity":0,"f:21:64:21:67":0,"s:21:10:22:Infinity":9}}}
,"/Users/wilbertopachecobatista/Projects/portafolio/src/components/Footer.vue": {"path":"/Users/wilbertopachecobatista/Projects/portafolio/src/components/Footer.vue","statementMap":{"0":{"start":{"line":37,"column":15},"end":{"line":58,"column":1}},"1":{"start":{"line":40,"column":4},"end":{"line":42,"column":null}},"2":{"start":{"line":49,"column":27},"end":{"line":49,"column":59}},"3":{"start":{"line":50,"column":6},"end":{"line":55,"column":null}},"4":{"start":{"line":51,"column":8},"end":{"line":54,"column":null}},"5":{"start":{"line":2,"column":10},"end":{"line":2,"column":null}},"6":{"start":{"line":3,"column":9},"end":{"line":3,"column":null}},"7":{"start":{"line":13,"column":11},"end":{"line":13,"column":null}},"8":{"start":{"line":2,"column":2},"end":{"line":31,"column":10}}},"fnMap":{"0":{"name":"(anonymous_0)","decl":{"start":{"line":39,"column":2},"end":{"line":39,"column":6}},"loc":{"start":{"line":39,"column":9},"end":{"line":43,"column":3}},"line":39},"1":{"name":"(anonymous_1)","decl":{"start":{"line":48,"column":4},"end":{"line":48,"column":15}},"loc":{"start":{"line":48,"column":18},"end":{"line":56,"column":5}},"line":48}},"branchMap":{"0":{"loc":{"start":{"line":50,"column":6},"end":{"line":55,"column":null}},"type":"if","locations":[{"start":{"line":50,"column":6},"end":{"line":55,"column":null}},{"start":{},"end":{}}],"line":50}},"s":{"0":1,"1":12,"2":2,"3":2,"4":1,"5":1,"6":1,"7":1,"8":12},"f":{"0":12,"1":2},"b":{"0":[1,1]},"meta":{"lastBranch":0,"lastFunction":0,"lastStatement":0,"seen":{}}}
,"/Users/wilbertopachecobatista/Projects/portafolio/src/components/LanguageToggle.vue": {"path":"/Users/wilbertopachecobatista/Projects/portafolio/src/components/LanguageToggle.vue","statementMap":{"0":{"start":{"line":25,"column":15},"end":{"line":52,"column":null}},"1":{"start":{"line":28,"column":21},"end":{"line":28,"column":null}},"2":{"start":{"line":30,"column":24},"end":{"line":30,"column":null}},"3":{"start":{"line":30,"column":41},"end":{"line":30,"column":53}},"4":{"start":{"line":32,"column":27},"end":{"line":45,"column":null}},"5":{"start":{"line":33,"column":24},"end":{"line":33,"column":null}},"6":{"start":{"line":34,"column":6},"end":{"line":34,"column":null}},"7":{"start":{"line":35,"column":6},"end":{"line":35,"column":null}},"8":{"start":{"line":38,"column":6},"end":{"line":38,"column":null}},"9":{"start":{"line":41,"column":20},"end":{"line":43,"column":null}},"10":{"start":{"line":44,"column":6},"end":{"line":44,"column":null}},"11":{"start":{"line":47,"column":4},"end":{"line":50,"column":null}},"12":{"start":{"line":2,"column":7},"end":{"line":2,"column":null}},"13":{"start":{"line":16,"column":12},"end":{"line":16,"column":37}},"14":{"start":{"line":2,"column":2},"end":{"line":16,"column":74}},"15":{"start":{"line":5,"column":14},"end":{"line":5,"column":28}}},"fnMap":{"0":{"name":"(anonymous_0)","decl":{"start":{"line":27,"column":2},"end":{"line":27,"column":7}},"loc":{"start":{"line":27,"column":10},"end":{"line":51,"column":null}},"line":27},"1":{"name":"(anonymous_1)","decl":{"start":{"line":30,"column":35},"end":{"line":30,"column":36}},"loc":{"start":{"line":30,"column":41},"end":{"line":30,"column":53}},"line":30},"2":{"name":"(anonymous_2)","decl":{"start":{"line":32,"column":27},"end":{"line":32,"column":28}},"loc":{"start":{"line":32,"column":33},"end":{"line":45,"column":null}},"line":32},"3":{"name":"(anonymous_3)","decl":{"start":{"line":5,"column":12},"end":{"line":5,"column":14}},"loc":{"start":{"line":5,"column":14},"end":{"line":5,"column":28}},"line":5}},"branchMap":{"0":{"loc":{"start":{"line":33,"column":24},"end":{"line":33,"column":null}},"type":"cond-expr","locations":[{"start":{"line":33,"column":55},"end":{"line":33,"column":60}},{"start":{"line":33,"column":62},"end":{"line":33,"column":null}}],"line":33},"1":{"loc":{"start":{"line":41,"column":20},"end":{"line":43,"column":null}},"type":"cond-expr","locations":[{"start":{"line":42,"column":10},"end":{"line":42,"column":null}},{"start":{"line":43,"column":10},"end":{"line":43,"column":null}}],"line":41},"2":{"loc":{"start":{"line":5,"column":12},"end":{"line":5,"column":null}},"type":"binary-expr","locations":[{"start":{"line":5,"column":12},"end":{"line":5,"column":14}},{"start":{"line":5,"column":12},"end":{"line":5,"column":null}}],"line":5},"3":{"loc":{"start":{"line":5,"column":14},"end":{"line":5,"column":28}},"type":"binary-expr","locations":[{"start":{"line":5,"column":14},"end":{"line":5,"column":28}},{"start":{"line":5,"column":14},"end":{"line":5,"column":28}}],"line":5}},"s":{"0":2,"1":39,"2":39,"3":40,"4":39,"5":1,"6":1,"7":1,"8":1,"9":1,"10":1,"11":39,"12":2,"13":2,"14":40,"15":1},"f":{"0":39,"1":40,"2":1,"3":1},"b":{"0":[1,0],"1":[0,1],"2":[40,39],"3":[1,1]},"meta":{"lastBranch":0,"lastFunction":0,"lastStatement":0,"seen":{}}}
,"/Users/wilbertopachecobatista/Projects/portafolio/src/components/Languages.vue": {"path":"/Users/wilbertopachecobatista/Projects/portafolio/src/components/Languages.vue","statementMap":{"0":{"start":{"line":31,"column":15},"end":{"line":57,"column":1}},"1":{"start":{"line":35,"column":6},"end":{"line":44,"column":null}},"2":{"start":{"line":49,"column":6},"end":{"line":54,"column":null}},"3":{"start":{"line":50,"column":8},"end":{"line":50,"column":null}},"4":{"start":{"line":53,"column":8},"end":{"line":53,"column":null}},"5":{"start":{"line":12,"column":15},"end":{"line":12,"column":null}},"6":{"start":{"line":23,"column":14},"end":{"line":23,"column":39}},"7":{"start":{"line":2,"column":2},"end":{"line":23,"column":59}},"8":{"start":{"line":6,"column":8},"end":{"line":23,"column":59}}},"fnMap":{"0":{"name":"(anonymous_0)","decl":{"start":{"line":34,"column":4},"end":{"line":34,"column":13}},"loc":{"start":{"line":34,"column":16},"end":{"line":45,"column":5}},"line":34},"1":{"name":"(anonymous_1)","decl":{"start":{"line":48,"column":4},"end":{"line":48,"column":16}},"loc":{"start":{"line":48,"column":27},"end":{"line":55,"column":5}},"line":48},"2":{"name":"(anonymous_2)","decl":{"start":{"line":8,"column":47},"end":{"line":8,"column":null}},"loc":{"start":{"line":8,"column":33},"end":{"line":23,"column":59}},"line":8}},"branchMap":{},"s":{"0":1,"1":7,"2":14,"3":14,"4":14,"5":1,"6":1,"7":7,"8":14},"f":{"0":7,"1":14,"2":14},"b":{},"meta":{"lastBranch":0,"lastFunction":3,"lastStatement":9,"seen":{"s:31:15:57:1":0,"f:34:4:34:13":0,"s:35:6:44:Infinity":1,"f:48:4:48:16":1,"s:49:6:54:Infinity":2,"s:50:8:50:Infinity":3,"s:53:8:53:Infinity":4,"s:12:15:12:Infinity":5,"s:23:14:23:39":6,"s:2:2:23:59":7,"f:8:47:8:Infinity":2,"s:6:8:23:59":8}}}
,"/Users/wilbertopachecobatista/Projects/portafolio/src/components/Navigation.vue": {"path":"/Users/wilbertopachecobatista/Projects/portafolio/src/components/Navigation.vue","statementMap":{"0":{"start":{"line":143,"column":15},"end":{"line":377,"column":1}},"1":{"start":{"line":149,"column":4},"end":{"line":166,"column":null}},"2":{"start":{"line":171,"column":6},"end":{"line":171,"column":null}},"3":{"start":{"line":176,"column":4},"end":{"line":177,"column":null}},"4":{"start":{"line":178,"column":4},"end":{"line":178,"column":null}},"5":{"start":{"line":181,"column":4},"end":{"line":181,"column":null}},"6":{"start":{"line":184,"column":4},"end":{"line":184,"column":null}},"7":{"start":{"line":187,"column":4},"end":{"line":187,"column":null}},"8":{"start":{"line":190,"column":4},"end":{"line":190,"column":null}},"9":{"start":{"line":193,"column":4},"end":{"line":193,"column":null}},"10":{"start":{"line":197,"column":4},"end":{"line":197,"column":null}},"11":{"start":{"line":198,"column":4},"end":{"line":198,"column":null}},"12":{"start":{"line":199,"column":4},"end":{"line":199,"column":null}},"13":{"start":{"line":200,"column":4},"end":{"line":200,"column":null}},"14":{"start":{"line":201,"column":4},"end":{"line":201,"column":null}},"15":{"start":{"line":204,"column":4},"end":{"line":206,"column":null}},"16":{"start":{"line":205,"column":6},"end":{"line":205,"column":null}},"17":{"start":{"line":207,"column":4},"end":{"line":209,"column":null}},"18":{"start":{"line":208,"column":6},"end":{"line":208,"column":null}},"19":{"start":{"line":213,"column":6},"end":{"line":213,"column":null}},"20":{"start":{"line":216,"column":6},"end":{"line":218,"column":null}},"21":{"start":{"line":217,"column":8},"end":{"line":217,"column":null}},"22":{"start":{"line":220,"column":6},"end":{"line":223,"column":null}},"23":{"start":{"line":221,"column":8},"end":{"line":221,"column":null}},"24":{"start":{"line":222,"column":8},"end":{"line":222,"column":null}},"25":{"start":{"line":227,"column":23},"end":{"line":227,"column":100}},"26":{"start":{"line":228,"column":29},"end":{"line":228,"column":49}},"27":{"start":{"line":231,"column":6},"end":{"line":233,"column":null}},"28":{"start":{"line":232,"column":8},"end":{"line":232,"column":null}},"29":{"start":{"line":236,"column":27},"end":{"line":236,"column":34}},"30":{"start":{"line":238,"column":6},"end":{"line":246,"column":null}},"31":{"start":{"line":238,"column":19},"end":{"line":238,"column":20}},"32":{"start":{"line":239,"column":26},"end":{"line":239,"column":37}},"33":{"start":{"line":240,"column":25},"end":{"line":240,"column":57}},"34":{"start":{"line":242,"column":8},"end":{"line":245,"column":null}},"35":{"start":{"line":243,"column":10},"end":{"line":243,"column":null}},"36":{"start":{"line":244,"column":10},"end":{"line":244,"column":null}},"37":{"start":{"line":249,"column":6},"end":{"line":251,"column":null}},"38":{"start":{"line":250,"column":8},"end":{"line":250,"column":null}},"39":{"start":{"line":253,"column":6},"end":{"line":253,"column":null}},"40":{"start":{"line":258,"column":23},"end":{"line":258,"column":100}},"41":{"start":{"line":259,"column":6},"end":{"line":259,"column":null}},"42":{"start":{"line":261,"column":6},"end":{"line":270,"column":null}},"43":{"start":{"line":261,"column":19},"end":{"line":261,"column":20}},"44":{"start":{"line":262,"column":24},"end":{"line":262,"column":60}},"45":{"start":{"line":263,"column":8},"end":{"line":269,"column":null}},"46":{"start":{"line":265,"column":10},"end":{"line":268,"column":null}},"47":{"start":{"line":274,"column":21},"end":{"line":274,"column":54}},"48":{"start":{"line":275,"column":6},"end":{"line":275,"column":null}},"49":{"start":{"line":279,"column":22},"end":{"line":279,"column":56}},"50":{"start":{"line":280,"column":6},"end":{"line":280,"column":null}},"51":{"start":{"line":280,"column":20},"end":{"line":280,"column":null}},"52":{"start":{"line":282,"column":21},"end":{"line":282,"column":43}},"53":{"start":{"line":285,"column":8},"end":{"line":285,"column":82}},"54":{"start":{"line":286,"column":18},"end":{"line":286,"column":88}},"55":{"start":{"line":288,"column":6},"end":{"line":291,"column":null}},"56":{"start":{"line":295,"column":8},"end":{"line":295,"column":68}},"57":{"start":{"line":296,"column":6},"end":{"line":298,"column":null}},"58":{"start":{"line":297,"column":8},"end":{"line":297,"column":null}},"59":{"start":{"line":299,"column":25},"end":{"line":299,"column":96}},"60":{"start":{"line":300,"column":6},"end":{"line":302,"column":null}},"61":{"start":{"line":301,"column":8},"end":{"line":301,"column":null}},"62":{"start":{"line":304,"column":6},"end":{"line":304,"column":null}},"63":{"start":{"line":309,"column":6},"end":{"line":309,"column":null}},"64":{"start":{"line":311,"column":6},"end":{"line":313,"column":null}},"65":{"start":{"line":312,"column":8},"end":{"line":312,"column":null}},"66":{"start":{"line":314,"column":6},"end":{"line":317,"column":null}},"67":{"start":{"line":315,"column":8},"end":{"line":315,"column":null}},"68":{"start":{"line":316,"column":8},"end":{"line":316,"column":null}},"69":{"start":{"line":321,"column":6},"end":{"line":321,"column":null}},"70":{"start":{"line":322,"column":6},"end":{"line":322,"column":null}},"71":{"start":{"line":323,"column":6},"end":{"line":323,"column":null}},"72":{"start":{"line":327,"column":6},"end":{"line":327,"column":null}},"73":{"start":{"line":331,"column":6},"end":{"line":331,"column":null}},"74":{"start":{"line":335,"column":6},"end":{"line":335,"column":null}},"75":{"start":{"line":340,"column":6},"end":{"line":340,"column":null}},"76":{"start":{"line":341,"column":6},"end":{"line":345,"column":null}},"77":{"start":{"line":342,"column":8},"end":{"line":344,"column":null}},"78":{"start":{"line":343,"column":10},"end":{"line":343,"column":null}},"79":{"start":{"line":349,"column":6},"end":{"line":349,"column":null}},"80":{"start":{"line":349,"column":34},"end":{"line":349,"column":null}},"81":{"start":{"line":352,"column":27},"end":{"line":352,"column":70}},"82":{"start":{"line":353,"column":27},"end":{"line":353,"column":70}},"83":{"start":{"line":354,"column":6},"end":{"line":356,"column":null}},"84":{"start":{"line":355,"column":8},"end":{"line":355,"column":null}},"85":{"start":{"line":361,"column":6},"end":{"line":368,"column":null}},"86":{"start":{"line":362,"column":8},"end":{"line":362,"column":null}},"87":{"start":{"line":364,"column":29},"end":{"line":364,"column":74}},"88":{"start":{"line":365,"column":8},"end":{"line":367,"column":null}},"89":{"start":{"line":366,"column":10},"end":{"line":366,"column":null}},"90":{"start":{"line":371,"column":6},"end":{"line":374,"column":null}},"91":{"start":{"line":372,"column":8},"end":{"line":372,"column":null}},"92":{"start":{"line":373,"column":8},"end":{"line":373,"column":null}},"93":{"start":{"line":3,"column":9},"end":{"line":3,"column":null}},"94":{"start":{"line":13,"column":14},"end":{"line":13,"column":33}},"95":{"start":{"line":59,"column":11},"end":{"line":59,"column":null}},"96":{"start":{"line":104,"column":15},"end":{"line":104,"column":null}},"97":{"start":{"line":116,"column":15},"end":{"line":116,"column":null}},"98":{"start":{"line":130,"column":20},"end":{"line":130,"column":40}},"99":{"start":{"line":2,"column":2},"end":{"line":131,"column":66}},"100":{"start":{"line":7,"column":16},"end":{"line":7,"column":32}},"101":{"start":{"line":27,"column":101},"end":{"line":27,"column":127}},"102":{"start":{"line":32,"column":111},"end":{"line":32,"column":142}},"103":{"start":{"line":37,"column":103},"end":{"line":37,"column":130}},"104":{"start":{"line":42,"column":109},"end":{"line":42,"column":139}},"105":{"start":{"line":47,"column":109},"end":{"line":47,"column":139}},"106":{"start":{"line":52,"column":119},"end":{"line":52,"column":154}},"107":{"start":{"line":66,"column":18},"end":{"line":66,"column":29}},"108":{"start":{"line":93,"column":15},"end":{"line":92,"column":null}},"109":{"start":{"line":91,"column":18},"end":{"line":91,"column":33}},"110":{"start":{"line":134,"column":16},"end":{"line":131,"column":66}},"111":{"start":{"line":108,"column":22},"end":{"line":108,"column":37}},"112":{"start":{"line":117,"column":12},"end":{"line":131,"column":66}},"113":{"start":{"line":125,"column":30},"end":{"line":125,"column":null}}},"fnMap":{"0":{"name":"(anonymous_0)","decl":{"start":{"line":148,"column":2},"end":{"line":148,"column":6}},"loc":{"start":{"line":148,"column":9},"end":{"line":167,"column":3}},"line":148},"1":{"name":"(anonymous_1)","decl":{"start":{"line":170,"column":4},"end":{"line":170,"column":20}},"loc":{"start":{"line":170,"column":27},"end":{"line":172,"column":5}},"line":170},"2":{"name":"(anonymous_2)","decl":{"start":{"line":174,"column":2},"end":{"line":174,"column":9}},"loc":{"start":{"line":174,"column":12},"end":{"line":194,"column":3}},"line":174},"3":{"name":"(anonymous_3)","decl":{"start":{"line":195,"column":2},"end":{"line":195,"column":15}},"loc":{"start":{"line":195,"column":18},"end":{"line":210,"column":3}},"line":195},"4":{"name":"(anonymous_4)","decl":{"start":{"line":212,"column":4},"end":{"line":212,"column":16}},"loc":{"start":{"line":212,"column":19},"end":{"line":224,"column":5}},"line":212},"5":{"name":"(anonymous_5)","decl":{"start":{"line":220,"column":41},"end":{"line":220,"column":42}},"loc":{"start":{"line":220,"column":47},"end":{"line":223,"column":7}},"line":220},"6":{"name":"(anonymous_6)","decl":{"start":{"line":226,"column":4},"end":{"line":226,"column":23}},"loc":{"start":{"line":226,"column":26},"end":{"line":254,"column":5}},"line":226},"7":{"name":"(anonymous_7)","decl":{"start":{"line":256,"column":4},"end":{"line":256,"column":25}},"loc":{"start":{"line":256,"column":28},"end":{"line":271,"column":5}},"line":256},"8":{"name":"(anonymous_8)","decl":{"start":{"line":273,"column":4},"end":{"line":273,"column":19}},"loc":{"start":{"line":273,"column":22},"end":{"line":276,"column":5}},"line":273},"9":{"name":"(anonymous_9)","decl":{"start":{"line":278,"column":4},"end":{"line":278,"column":19}},"loc":{"start":{"line":278,"column":31},"end":{"line":305,"column":5}},"line":278},"10":{"name":"(anonymous_10)","decl":{"start":{"line":300,"column":17},"end":{"line":300,"column":18}},"loc":{"start":{"line":300,"column":23},"end":{"line":302,"column":7}},"line":300},"11":{"name":"(anonymous_11)","decl":{"start":{"line":307,"column":4},"end":{"line":307,"column":16}},"loc":{"start":{"line":307,"column":19},"end":{"line":318,"column":5}},"line":307},"12":{"name":"(anonymous_12)","decl":{"start":{"line":314,"column":38},"end":{"line":314,"column":39}},"loc":{"start":{"line":314,"column":44},"end":{"line":317,"column":7}},"line":314},"13":{"name":"(anonymous_13)","decl":{"start":{"line":320,"column":4},"end":{"line":320,"column":15}},"loc":{"start":{"line":320,"column":18},"end":{"line":324,"column":5}},"line":320},"14":{"name":"(anonymous_14)","decl":{"start":{"line":326,"column":4},"end":{"line":326,"column":14}},"loc":{"start":{"line":326,"column":17},"end":{"line":328,"column":5}},"line":326},"15":{"name":"(anonymous_15)","decl":{"start":{"line":330,"column":4},"end":{"line":330,"column":20}},"loc":{"start":{"line":330,"column":23},"end":{"line":332,"column":5}},"line":330},"16":{"name":"(anonymous_16)","decl":{"start":{"line":334,"column":4},"end":{"line":334,"column":19}},"loc":{"start":{"line":334,"column":22},"end":{"line":336,"column":5}},"line":334},"17":{"name":"(anonymous_17)","decl":{"start":{"line":339,"column":4},"end":{"line":339,"column":15}},"loc":{"start":{"line":339,"column":27},"end":{"line":346,"column":5}},"line":339},"18":{"name":"(anonymous_18)","decl":{"start":{"line":341,"column":21},"end":{"line":341,"column":22}},"loc":{"start":{"line":341,"column":27},"end":{"line":345,"column":7}},"line":341},"19":{"name":"(anonymous_19)","decl":{"start":{"line":342,"column":30},"end":{"line":342,"column":31}},"loc":{"start":{"line":342,"column":36},"end":{"line":344,"column":9}},"line":342},"20":{"name":"(anonymous_20)","decl":{"start":{"line":348,"column":4},"end":{"line":348,"column":22}},"loc":{"start":{"line":348,"column":30},"end":{"line":357,"column":5}},"line":348},"21":{"name":"(anonymous_21)","decl":{"start":{"line":359,"column":4},"end":{"line":359,"column":17}},"loc":{"start":{"line":359,"column":25},"end":{"line":375,"column":5}},"line":359},"22":{"name":"(anonymous_22)","decl":{"start":{"line":7,"column":14},"end":{"line":7,"column":16}},"loc":{"start":{"line":7,"column":16},"end":{"line":7,"column":32}},"line":7},"23":{"name":"(anonymous_23)","decl":{"start":{"line":27,"column":99},"end":{"line":27,"column":101}},"loc":{"start":{"line":27,"column":101},"end":{"line":27,"column":127}},"line":27},"24":{"name":"(anonymous_24)","decl":{"start":{"line":32,"column":109},"end":{"line":32,"column":111}},"loc":{"start":{"line":32,"column":111},"end":{"line":32,"column":142}},"line":32},"25":{"name":"(anonymous_25)","decl":{"start":{"line":37,"column":101},"end":{"line":37,"column":103}},"loc":{"start":{"line":37,"column":103},"end":{"line":37,"column":130}},"line":37},"26":{"name":"(anonymous_26)","decl":{"start":{"line":42,"column":107},"end":{"line":42,"column":109}},"loc":{"start":{"line":42,"column":109},"end":{"line":42,"column":139}},"line":42},"27":{"name":"(anonymous_27)","decl":{"start":{"line":47,"column":107},"end":{"line":47,"column":109}},"loc":{"start":{"line":47,"column":109},"end":{"line":47,"column":139}},"line":47},"28":{"name":"(anonymous_28)","decl":{"start":{"line":52,"column":117},"end":{"line":52,"column":119}},"loc":{"start":{"line":52,"column":119},"end":{"line":52,"column":154}},"line":52},"29":{"name":"(anonymous_29)","decl":{"start":{"line":66,"column":16},"end":{"line":66,"column":18}},"loc":{"start":{"line":66,"column":18},"end":{"line":66,"column":29}},"line":66},"30":{"name":"(anonymous_30)","decl":{"start":{"line":88,"column":8},"end":{"line":88,"column":null}},"loc":{"start":{"line":93,"column":15},"end":{"line":92,"column":null}},"line":93},"31":{"name":"(anonymous_31)","decl":{"start":{"line":91,"column":16},"end":{"line":91,"column":18}},"loc":{"start":{"line":91,"column":18},"end":{"line":91,"column":33}},"line":91},"32":{"name":"(anonymous_32)","decl":{"start":{"line":97,"column":8},"end":{"line":97,"column":null}},"loc":{"start":{"line":134,"column":16},"end":{"line":131,"column":66}},"line":134},"33":{"name":"(anonymous_33)","decl":{"start":{"line":108,"column":20},"end":{"line":108,"column":22}},"loc":{"start":{"line":108,"column":22},"end":{"line":108,"column":37}},"line":108},"34":{"name":"(anonymous_34)","decl":{"start":{"line":118,"column":37},"end":{"line":118,"column":null}},"loc":{"start":{"line":118,"column":25},"end":{"line":131,"column":66}},"line":118},"35":{"name":"(anonymous_35)","decl":{"start":{"line":125,"column":20},"end":{"line":125,"column":30}},"loc":{"start":{"line":125,"column":30},"end":{"line":125,"column":null}},"line":125}},"branchMap":{"0":{"loc":{"start":{"line":171,"column":37},"end":{"line":171,"column":57}},"type":"cond-expr","locations":[{"start":{"line":171,"column":44},"end":{"line":171,"column":53}},{"start":{"line":171,"column":55},"end":{"line":171,"column":57}}],"line":171},"1":{"loc":{"start":{"line":176,"column":22},"end":{"line":177,"column":114}},"type":"binary-expr","locations":[{"start":{"line":176,"column":22},"end":{"line":176,"column":63}},{"start":{"line":177,"column":22},"end":{"line":177,"column":53}},{"start":{"line":177,"column":56},"end":{"line":177,"column":113}}],"line":176},"2":{"loc":{"start":{"line":204,"column":4},"end":{"line":206,"column":null}},"type":"if","locations":[{"start":{"line":204,"column":4},"end":{"line":206,"column":null}},{"start":{},"end":{}}],"line":204},"3":{"loc":{"start":{"line":207,"column":4},"end":{"line":209,"column":null}},"type":"if","locations":[{"start":{"line":207,"column":4},"end":{"line":209,"column":null}},{"start":{},"end":{}}],"line":207},"4":{"loc":{"start":{"line":216,"column":6},"end":{"line":218,"column":null}},"type":"if","locations":[{"start":{"line":216,"column":6},"end":{"line":218,"column":null}},{"start":{},"end":{}}],"line":216},"5":{"loc":{"start":{"line":231,"column":6},"end":{"line":233,"column":null}},"type":"if","locations":[{"start":{"line":231,"column":6},"end":{"line":233,"column":null}},{"start":{},"end":{}}],"line":231},"6":{"loc":{"start":{"line":242,"column":8},"end":{"line":245,"column":null}},"type":"if","locations":[{"start":{"line":242,"column":8},"end":{"line":245,"column":null}},{"start":{},"end":{}}],"line":242},"7":{"loc":{"start":{"line":242,"column":12},"end":{"line":242,"column":105}},"type":"binary-expr","locations":[{"start":{"line":242,"column":12},"end":{"line":242,"column":19}},{"start":{"line":242,"column":24},"end":{"line":242,"column":53}},{"start":{"line":242,"column":58},"end":{"line":242,"column":105}}],"line":242},"8":{"loc":{"start":{"line":249,"column":6},"end":{"line":251,"column":null}},"type":"if","locations":[{"start":{"line":249,"column":6},"end":{"line":251,"column":null}},{"start":{},"end":{}}],"line":249},"9":{"loc":{"start":{"line":263,"column":8},"end":{"line":269,"column":null}},"type":"if","locations":[{"start":{"line":263,"column":8},"end":{"line":269,"column":null}},{"start":{},"end":{}}],"line":263},"10":{"loc":{"start":{"line":275,"column":13},"end":{"line":275,"column":46}},"type":"cond-expr","locations":[{"start":{"line":275,"column":22},"end":{"line":275,"column":40}},{"start":{"line":275,"column":44},"end":{"line":275,"column":46}}],"line":275},"11":{"loc":{"start":{"line":280,"column":6},"end":{"line":280,"column":null}},"type":"if","locations":[{"start":{"line":280,"column":6},"end":{"line":280,"column":null}},{"start":{},"end":{}}],"line":280},"12":{"loc":{"start":{"line":285,"column":8},"end":{"line":285,"column":82}},"type":"binary-expr","locations":[{"start":{"line":285,"column":8},"end":{"line":285,"column":72}},{"start":{"line":285,"column":75},"end":{"line":285,"column":82}}],"line":285},"13":{"loc":{"start":{"line":295,"column":8},"end":{"line":295,"column":68}},"type":"binary-expr","locations":[{"start":{"line":295,"column":8},"end":{"line":295,"column":58}},{"start":{"line":295,"column":61},"end":{"line":295,"column":68}}],"line":295},"14":{"loc":{"start":{"line":296,"column":6},"end":{"line":298,"column":null}},"type":"if","locations":[{"start":{"line":296,"column":6},"end":{"line":298,"column":null}},{"start":{},"end":{}}],"line":296},"15":{"loc":{"start":{"line":299,"column":25},"end":{"line":299,"column":96}},"type":"cond-expr","locations":[{"start":{"line":299,"column":89},"end":{"line":299,"column":91}},{"start":{"line":299,"column":93},"end":{"line":299,"column":96}}],"line":299},"16":{"loc":{"start":{"line":311,"column":6},"end":{"line":313,"column":null}},"type":"if","locations":[{"start":{"line":311,"column":6},"end":{"line":313,"column":null}},{"start":{},"end":{}}],"line":311},"17":{"loc":{"start":{"line":323,"column":36},"end":{"line":323,"column":70}},"type":"cond-expr","locations":[{"start":{"line":323,"column":54},"end":{"line":323,"column":61}},{"start":{"line":323,"column":63},"end":{"line":323,"column":70}}],"line":323},"18":{"loc":{"start":{"line":327,"column":58},"end":{"line":327,"column":92}},"type":"cond-expr","locations":[{"start":{"line":327,"column":76},"end":{"line":327,"column":83}},{"start":{"line":327,"column":85},"end":{"line":327,"column":92}}],"line":327},"19":{"loc":{"start":{"line":349,"column":6},"end":{"line":349,"column":null}},"type":"if","locations":[{"start":{"line":349,"column":6},"end":{"line":349,"column":null}},{"start":{},"end":{}}],"line":349},"20":{"loc":{"start":{"line":354,"column":6},"end":{"line":356,"column":null}},"type":"if","locations":[{"start":{"line":354,"column":6},"end":{"line":356,"column":null}},{"start":{},"end":{}}],"line":354},"21":{"loc":{"start":{"line":354,"column":10},"end":{"line":354,"column":40}},"type":"binary-expr","locations":[{"start":{"line":354,"column":10},"end":{"line":354,"column":22}},{"start":{"line":354,"column":27},"end":{"line":354,"column":40}}],"line":354},"22":{"loc":{"start":{"line":361,"column":6},"end":{"line":368,"column":null}},"type":"if","locations":[{"start":{"line":361,"column":6},"end":{"line":368,"column":null}},{"start":{},"end":{}}],"line":361},"23":{"loc":{"start":{"line":361,"column":10},"end":{"line":361,"column":57}},"type":"binary-expr","locations":[{"start":{"line":361,"column":10},"end":{"line":361,"column":33}},{"start":{"line":361,"column":36},"end":{"line":361,"column":57}}],"line":361},"24":{"loc":{"start":{"line":365,"column":8},"end":{"line":367,"column":null}},"type":"if","locations":[{"start":{"line":365,"column":8},"end":{"line":367,"column":null}},{"start":{},"end":{}}],"line":365},"25":{"loc":{"start":{"line":371,"column":6},"end":{"line":374,"column":null}},"type":"if","locations":[{"start":{"line":371,"column":6},"end":{"line":374,"column":null}},{"start":{},"end":{}}],"line":371},"26":{"loc":{"start":{"line":371,"column":10},"end":{"line":371,"column":63}},"type":"binary-expr","locations":[{"start":{"line":371,"column":11},"end":{"line":371,"column":23}},{"start":{"line":371,"column":28},"end":{"line":371,"column":41}},{"start":{"line":371,"column":46},"end":{"line":371,"column":63}}],"line":371},"27":{"loc":{"start":{"line":7,"column":14},"end":{"line":7,"column":null}},"type":"binary-expr","locations":[{"start":{"line":7,"column":14},"end":{"line":7,"column":16}},{"start":{"line":7,"column":14},"end":{"line":7,"column":null}}],"line":7},"28":{"loc":{"start":{"line":7,"column":16},"end":{"line":7,"column":32}},"type":"binary-expr","locations":[{"start":{"line":7,"column":16},"end":{"line":7,"column":32}},{"start":{"line":7,"column":16},"end":{"line":7,"column":32}}],"line":7},"29":{"loc":{"start":{"line":9,"column":21},"end":{"line":9,"column":null}},"type":"cond-expr","locations":[{"start":{"line":9,"column":40},"end":{"line":9,"column":72}},{"start":{"line":9,"column":72},"end":{"line":9,"column":null}}],"line":9},"30":{"loc":{"start":{"line":13,"column":33},"end":{"line":13,"column":122}},"type":"cond-expr","locations":[{"start":{"line":13,"column":52},"end":{"line":13,"column":84}},{"start":{"line":13,"column":84},"end":{"line":13,"column":122}}],"line":13},"31":{"loc":{"start":{"line":14,"column":8},"end":{"line":14,"column":null}},"type":"binary-expr","locations":[{"start":{"line":14,"column":8},"end":{"line":14,"column":21}},{"start":{"line":14,"column":8},"end":{"line":14,"column":null}}],"line":14},"32":{"loc":{"start":{"line":15,"column":8},"end":{"line":15,"column":null}},"type":"binary-expr","locations":[{"start":{"line":15,"column":8},"end":{"line":15,"column":21}},{"start":{"line":15,"column":8},"end":{"line":15,"column":null}}],"line":15},"33":{"loc":{"start":{"line":16,"column":8},"end":{"line":16,"column":null}},"type":"binary-expr","locations":[{"start":{"line":16,"column":8},"end":{"line":16,"column":21}},{"start":{"line":16,"column":8},"end":{"line":16,"column":null}}],"line":16},"34":{"loc":{"start":{"line":20,"column":6},"end":{"line":22,"column":10}},"type":"binary-expr","locations":[{"start":{"line":20,"column":6},"end":{"line":20,"column":9}},{"start":{"line":20,"column":6},"end":{"line":22,"column":10}}],"line":20},"35":{"loc":{"start":{"line":27,"column":99},"end":{"line":27,"column":127}},"type":"binary-expr","locations":[{"start":{"line":27,"column":99},"end":{"line":27,"column":101}},{"start":{"line":27,"column":99},"end":{"line":27,"column":127}}],"line":27},"36":{"loc":{"start":{"line":32,"column":109},"end":{"line":32,"column":142}},"type":"binary-expr","locations":[{"start":{"line":32,"column":109},"end":{"line":32,"column":111}},{"start":{"line":32,"column":109},"end":{"line":32,"column":142}}],"line":32},"37":{"loc":{"start":{"line":37,"column":101},"end":{"line":37,"column":130}},"type":"binary-expr","locations":[{"start":{"line":37,"column":101},"end":{"line":37,"column":103}},{"start":{"line":37,"column":101},"end":{"line":37,"column":130}}],"line":37},"38":{"loc":{"start":{"line":42,"column":107},"end":{"line":42,"column":139}},"type":"binary-expr","locations":[{"start":{"line":42,"column":107},"end":{"line":42,"column":109}},{"start":{"line":42,"column":107},"end":{"line":42,"column":139}}],"line":42},"39":{"loc":{"start":{"line":47,"column":107},"end":{"line":47,"column":139}},"type":"binary-expr","locations":[{"start":{"line":47,"column":107},"end":{"line":47,"column":109}},{"start":{"line":47,"column":107},"end":{"line":47,"column":139}}],"line":47},"40":{"loc":{"start":{"line":52,"column":117},"end":{"line":52,"column":154}},"type":"binary-expr","locations":[{"start":{"line":52,"column":117},"end":{"line":52,"column":119}},{"start":{"line":52,"column":117},"end":{"line":52,"column":154}}],"line":52},"41":{"loc":{"start":{"line":66,"column":16},"end":{"line":66,"column":null}},"type":"binary-expr","locations":[{"start":{"line":66,"column":16},"end":{"line":66,"column":18}},{"start":{"line":66,"column":16},"end":{"line":66,"column":null}}],"line":66},"42":{"loc":{"start":{"line":66,"column":18},"end":{"line":66,"column":29}},"type":"binary-expr","locations":[{"start":{"line":66,"column":18},"end":{"line":66,"column":29}},{"start":{"line":66,"column":18},"end":{"line":66,"column":29}}],"line":66},"43":{"loc":{"start":{"line":67,"column":18},"end":{"line":67,"column":null}},"type":"cond-expr","locations":[{"start":{"line":67,"column":31},"end":{"line":67,"column":63}},{"start":{"line":67,"column":63},"end":{"line":67,"column":null}}],"line":67},"44":{"loc":{"start":{"line":68,"column":23},"end":{"line":68,"column":null}},"type":"cond-expr","locations":[{"start":{"line":68,"column":36},"end":{"line":68,"column":68}},{"start":{"line":68,"column":68},"end":{"line":68,"column":null}}],"line":68},"45":{"loc":{"start":{"line":73,"column":19},"end":{"line":73,"column":null}},"type":"cond-expr","locations":[{"start":{"line":73,"column":29},"end":{"line":73,"column":null}},{"start":{"line":73,"column":29},"end":{"line":73,"column":null}}],"line":73},"46":{"loc":{"start":{"line":89,"column":16},"end":{"line":92,"column":null}},"type":"cond-expr","locations":[{"start":{"line":88,"column":8},"end":{"line":92,"column":null}}],"line":89},"47":{"loc":{"start":{"line":91,"column":16},"end":{"line":91,"column":null}},"type":"binary-expr","locations":[{"start":{"line":91,"column":16},"end":{"line":91,"column":18}},{"start":{"line":91,"column":16},"end":{"line":91,"column":null}}],"line":91},"48":{"loc":{"start":{"line":91,"column":18},"end":{"line":91,"column":33}},"type":"binary-expr","locations":[{"start":{"line":91,"column":18},"end":{"line":91,"column":33}},{"start":{"line":91,"column":18},"end":{"line":91,"column":33}}],"line":91},"49":{"loc":{"start":{"line":98,"column":16},"end":{"line":131,"column":66}},"type":"cond-expr","locations":[{"start":{"line":97,"column":8},"end":{"line":131,"column":66}}],"line":98},"50":{"loc":{"start":{"line":105,"column":12},"end":{"line":105,"column":58}},"type":"binary-expr","locations":[{"start":{"line":105,"column":12},"end":{"line":105,"column":18}},{"start":{"line":105,"column":12},"end":{"line":105,"column":58}}],"line":105},"51":{"loc":{"start":{"line":108,"column":20},"end":{"line":108,"column":null}},"type":"binary-expr","locations":[{"start":{"line":108,"column":20},"end":{"line":108,"column":22}},{"start":{"line":108,"column":20},"end":{"line":108,"column":null}}],"line":108},"52":{"loc":{"start":{"line":108,"column":22},"end":{"line":108,"column":37}},"type":"binary-expr","locations":[{"start":{"line":108,"column":22},"end":{"line":108,"column":37}},{"start":{"line":108,"column":22},"end":{"line":108,"column":37}}],"line":108},"53":{"loc":{"start":{"line":131,"column":14},"end":{"line":131,"column":66}},"type":"binary-expr","locations":[{"start":{"line":131,"column":14},"end":{"line":131,"column":20}},{"start":{"line":131,"column":14},"end":{"line":131,"column":66}}],"line":131}},"s":{"0":1,"1":27,"2":15,"3":27,"4":27,"5":27,"6":27,"7":27,"8":27,"9":27,"10":25,"11":25,"12":25,"13":25,"14":25,"15":25,"16":0,"17":25,"18":0,"19":4,"20":4,"21":0,"22":4,"23":4,"24":4,"25":33,"26":33,"27":33,"28":27,"29":33,"30":33,"31":33,"32":41,"33":41,"34":41,"35":33,"36":33,"37":33,"38":22,"39":33,"40":29,"41":29,"42":29,"43":29,"44":174,"45":174,"46":174,"47":2,"48":2,"49":2,"50":2,"51":0,"52":2,"53":2,"54":2,"55":2,"56":2,"57":2,"58":2,"59":2,"60":2,"61":2,"62":2,"63":2,"64":2,"65":0,"66":2,"67":2,"68":2,"69":6,"70":6,"71":6,"72":33,"73":10,"74":5,"75":1,"76":1,"77":1,"78":1,"79":37,"80":26,"81":11,"82":11,"83":11,"84":1,"85":6,"86":1,"87":1,"88":1,"89":1,"90":6,"91":4,"92":4,"93":1,"94":1,"95":1,"96":1,"97":1,"98":1,"99":56,"100":10,"101":0,"102":1,"103":0,"104":0,"105":0,"106":0,"107":2,"108":42,"109":1,"110":42,"111":1,"112":54,"113":1},"f":{"0":27,"1":15,"2":27,"3":25,"4":4,"5":4,"6":33,"7":29,"8":2,"9":2,"10":2,"11":2,"12":2,"13":6,"14":33,"15":10,"16":5,"17":1,"18":1,"19":1,"20":37,"21":6,"22":10,"23":0,"24":1,"25":0,"26":0,"27":0,"28":0,"29":2,"30":42,"31":1,"32":42,"33":1,"34":54,"35":1},"b":{"0":[9,6],"1":[27,26,26],"2":[0,25],"3":[0,25],"4":[0,4],"5":[27,6],"6":[33,8],"7":[41,41,41],"8":[22,11],"9":[174,0],"10":[2,0],"11":[0,2],"12":[2,0],"13":[2,0],"14":[2,0],"15":[0,2],"16":[0,2],"17":[4,2],"18":[5,28],"19":[26,11],"20":[1,10],"21":[11,2],"22":[1,5],"23":[6,2],"24":[1,0],"25":[4,2],"26":[6,4,4],"27":[56,27],"28":[10,10],"29":[9,47],"30":[9,47],"31":[56,27],"32":[56,27],"33":[56,27],"34":[56,27],"35":[56,27],"36":[56,27],"37":[56,27],"38":[56,27],"39":[56,27],"40":[56,27],"41":[56,27],"42":[2,2],"43":[7,49],"44":[7,49],"45":[7,49],"46":[9,null],"47":[9,9],"48":[1,1],"49":[9,null],"50":[9,9],"51":[9,9],"52":[1,1],"53":[54,9]},"meta":{"lastBranch":0,"lastFunction":0,"lastStatement":0,"seen":{}}}
,"/Users/wilbertopachecobatista/Projects/portafolio/src/components/SkillItem.vue": {"path":"/Users/wilbertopachecobatista/Projects/portafolio/src/components/SkillItem.vue","statementMap":{"0":{"start":{"line":20,"column":15},"end":{"line":36,"column":1}},"1":{"start":{"line":2,"column":6},"end":{"line":2,"column":null}},"2":{"start":{"line":2,"column":2},"end":{"line":14,"column":null}}},"fnMap":{},"branchMap":{"0":{"loc":{"start":{"line":4,"column":20},"end":{"line":14,"column":null}},"type":"cond-expr","locations":[{"start":{"line":4,"column":4},"end":{"line":9,"column":null}},{"start":{"line":13,"column":4},"end":{"line":14,"column":null}}],"line":4}},"s":{"0":1,"1":1,"2":8},"f":{},"b":{"0":[7,1]},"meta":{"lastBranch":1,"lastFunction":0,"lastStatement":3,"seen":{"s:20:15:36:1":0,"s:2:6:2:Infinity":1,"s:2:2:14:Infinity":2,"b:4:4:9:Infinity:13:4:14:Infinity":0}}}
,"/Users/wilbertopachecobatista/Projects/portafolio/src/components/Skills.vue": {"path":"/Users/wilbertopachecobatista/Projects/portafolio/src/components/Skills.vue","statementMap":{"0":{"start":{"line":37,"column":15},"end":{"line":109,"column":1}},"1":{"start":{"line":41,"column":6},"end":{"line":106,"column":null}},"2":{"start":{"line":28,"column":18},"end":{"line":28,"column":40}},"3":{"start":{"line":2,"column":2},"end":{"line":28,"column":60}},"4":{"start":{"line":6,"column":6},"end":{"line":28,"column":60}},"5":{"start":{"line":14,"column":10},"end":{"line":28,"column":60}}},"fnMap":{"0":{"name":"(anonymous_0)","decl":{"start":{"line":40,"column":4},"end":{"line":40,"column":19}},"loc":{"start":{"line":40,"column":22},"end":{"line":107,"column":5}},"line":40},"1":{"name":"(anonymous_1)","decl":{"start":{"line":8,"column":51},"end":{"line":8,"column":null}},"loc":{"start":{"line":8,"column":31},"end":{"line":28,"column":60}},"line":8},"2":{"name":"(anonymous_2)","decl":{"start":{"line":16,"column":57},"end":{"line":16,"column":null}},"loc":{"start":{"line":16,"column":37},"end":{"line":28,"column":60}},"line":16}},"branchMap":{"0":{"loc":{"start":{"line":3,"column":4},"end":{"line":3,"column":65}},"type":"binary-expr","locations":[{"start":{"line":3,"column":4},"end":{"line":3,"column":8}},{"start":{"line":3,"column":4},"end":{"line":3,"column":65}}],"line":3},"1":{"loc":{"start":{"line":20,"column":42},"end":{"line":25,"column":null}},"type":"cond-expr","locations":[{"start":{"line":20,"column":12},"end":{"line":25,"column":null}}],"line":20},"2":{"loc":{"start":{"line":23,"column":33},"end":{"line":23,"column":null}},"type":"binary-expr","locations":[{"start":{"line":23,"column":33},"end":{"line":23,"column":48}},{"start":{"line":23,"column":48},"end":{"line":23,"column":null}}],"line":23}},"s":{"0":1,"1":18,"2":1,"3":18,"4":108,"5":612},"f":{"0":18,"1":108,"2":612},"b":{"0":[18,18],"1":[612,null],"2":[612,0]},"meta":{"lastBranch":0,"lastFunction":0,"lastStatement":0,"seen":{}}}
,"/Users/wilbertopachecobatista/Projects/portafolio/src/i18n/content.js": {"path":"/Users/wilbertopachecobatista/Projects/portafolio/src/i18n/content.js","statementMap":{"0":{"start":{"line":7,"column":23},"end":{"line":7,"column":null}},"1":{"start":{"line":8,"column":2},"end":{"line":8,"column":null}},"2":{"start":{"line":13,"column":2},"end":{"line":13,"column":null}},"3":{"start":{"line":17,"column":2},"end":{"line":17,"column":null}},"4":{"start":{"line":21,"column":2},"end":{"line":21,"column":null}}},"fnMap":{"0":{"name":"getContent","decl":{"start":{"line":6,"column":16},"end":{"line":6,"column":26}},"loc":{"start":{"line":6,"column":42},"end":{"line":9,"column":null}},"line":6},"1":{"name":"getWorkExperience","decl":{"start":{"line":12,"column":16},"end":{"line":12,"column":33}},"loc":{"start":{"line":12,"column":49},"end":{"line":14,"column":null}},"line":12},"2":{"name":"getEducation","decl":{"start":{"line":16,"column":16},"end":{"line":16,"column":28}},"loc":{"start":{"line":16,"column":44},"end":{"line":18,"column":null}},"line":16},"3":{"name":"getCertifications","decl":{"start":{"line":20,"column":16},"end":{"line":20,"column":33}},"loc":{"start":{"line":20,"column":49},"end":{"line":22,"column":null}},"line":20}},"branchMap":{"0":{"loc":{"start":{"line":6,"column":27},"end":{"line":6,"column":40}},"type":"default-arg","locations":[{"start":{"line":6,"column":36},"end":{"line":6,"column":40}}],"line":6},"1":{"loc":{"start":{"line":7,"column":23},"end":{"line":7,"column":null}},"type":"cond-expr","locations":[{"start":{"line":7,"column":41},"end":{"line":7,"column":43}},{"start":{"line":7,"column":46},"end":{"line":7,"column":null}}],"line":7},"2":{"loc":{"start":{"line":8,"column":9},"end":{"line":8,"column":null}},"type":"binary-expr","locations":[{"start":{"line":8,"column":9},"end":{"line":8,"column":29}},{"start":{"line":8,"column":33},"end":{"line":8,"column":null}}],"line":8},"3":{"loc":{"start":{"line":12,"column":34},"end":{"line":12,"column":47}},"type":"default-arg","locations":[{"start":{"line":12,"column":43},"end":{"line":12,"column":47}}],"line":12},"4":{"loc":{"start":{"line":13,"column":9},"end":{"line":13,"column":null}},"type":"binary-expr","locations":[{"start":{"line":13,"column":9},"end":{"line":13,"column":42}},{"start":{"line":13,"column":46},"end":{"line":13,"column":null}}],"line":13},"5":{"loc":{"start":{"line":16,"column":29},"end":{"line":16,"column":42}},"type":"default-arg","locations":[{"start":{"line":16,"column":38},"end":{"line":16,"column":42}}],"line":16},"6":{"loc":{"start":{"line":17,"column":9},"end":{"line":17,"column":null}},"type":"binary-expr","locations":[{"start":{"line":17,"column":9},"end":{"line":17,"column":37}},{"start":{"line":17,"column":41},"end":{"line":17,"column":null}}],"line":17},"7":{"loc":{"start":{"line":20,"column":34},"end":{"line":20,"column":47}},"type":"default-arg","locations":[{"start":{"line":20,"column":43},"end":{"line":20,"column":47}}],"line":20},"8":{"loc":{"start":{"line":21,"column":9},"end":{"line":21,"column":null}},"type":"binary-expr","locations":[{"start":{"line":21,"column":9},"end":{"line":21,"column":42}},{"start":{"line":21,"column":46},"end":{"line":21,"column":null}}],"line":21}},"s":{"0":20,"1":20,"2":6,"3":5,"4":5},"f":{"0":20,"1":6,"2":5,"3":5},"b":{"0":[20],"1":[7,13],"2":[20,0],"3":[6],"4":[6,0],"5":[5],"6":[5,0],"7":[5],"8":[5,0]},"meta":{"lastBranch":9,"lastFunction":4,"lastStatement":5,"seen":{"f:6:16:6:26":0,"b:6:36:6:40":0,"s:7:23:7:Infinity":0,"b:7:41:7:43:7:46:7:Infinity":1,"s:8:2:8:Infinity":1,"b:8:9:8:29:8:33:8:Infinity":2,"f:12:16:12:33":1,"b:12:43:12:47":3,"s:13:2:13:Infinity":2,"b:13:9:13:42:13:46:13:Infinity":4,"f:16:16:16:28":2,"b:16:38:16:42":5,"s:17:2:17:Infinity":3,"b:17:9:17:37:17:41:17:Infinity":6,"f:20:16:20:33":3,"b:20:43:20:47":7,"s:21:2:21:Infinity":4,"b:21:9:21:42:21:46:21:Infinity":8}}}
,"/Users/wilbertopachecobatista/Projects/portafolio/src/i18n/locales/en.json": {"path":"/Users/wilbertopachecobatista/Projects/portafolio/src/i18n/locales/en.json","statementMap":{},"fnMap":{},"branchMap":{},"s":{},"f":{},"b":{},"meta":{"lastBranch":0,"lastFunction":0,"lastStatement":0,"seen":{}}}
,"/Users/wilbertopachecobatista/Projects/portafolio/src/i18n/locales/es.json": {"path":"/Users/wilbertopachecobatista/Projects/portafolio/src/i18n/locales/es.json","statementMap":{},"fnMap":{},"branchMap":{},"s":{},"f":{},"b":{},"meta":{"lastBranch":0,"lastFunction":0,"lastStatement":0,"seen":{}}}
,"/Users/wilbertopachecobatista/Projects/portafolio/tests/unit/helpers/navigationDom.js": {"path":"/Users/wilbertopachecobatista/Projects/portafolio/tests/unit/helpers/navigationDom.js","statementMap":{"0":{"start":{"line":1,"column":20},"end":{"line":8,"column":null}},"1":{"start":{"line":11,"column":2},"end":{"line":33,"column":null}},"2":{"start":{"line":12,"column":21},"end":{"line":12,"column":null}},"3":{"start":{"line":13,"column":4},"end":{"line":13,"column":null}},"4":{"start":{"line":13,"column":18},"end":{"line":13,"column":null}},"5":{"start":{"line":15,"column":20},"end":{"line":15,"column":null}},"6":{"start":{"line":16,"column":4},"end":{"line":16,"column":null}},"7":{"start":{"line":18,"column":19},"end":{"line":18,"column":null}},"8":{"start":{"line":19,"column":4},"end":{"line":19,"column":null}},"9":{"start":{"line":20,"column":4},"end":{"line":20,"column":null}},"10":{"start":{"line":22,"column":4},"end":{"line":25,"column":null}},"11":{"start":{"line":24,"column":17},"end":{"line":24,"column":28}},"12":{"start":{"line":26,"column":4},"end":{"line":29,"column":null}},"13":{"start":{"line":28,"column":17},"end":{"line":28,"column":20}},"14":{"start":{"line":31,"column":4},"end":{"line":31,"column":null}},"15":{"start":{"line":31,"column":43},"end":{"line":31,"column":63}},"16":{"start":{"line":32,"column":4},"end":{"line":32,"column":null}},"17":{"start":{"line":35,"column":25},"end":{"line":35,"column":null}},"18":{"start":{"line":36,"column":2},"end":{"line":41,"column":null}},"19":{"start":{"line":37,"column":4},"end":{"line":40,"column":null}},"20":{"start":{"line":39,"column":17},"end":{"line":39,"column":19}},"21":{"start":{"line":45,"column":2},"end":{"line":48,"column":null}},"22":{"start":{"line":46,"column":20},"end":{"line":46,"column":null}},"23":{"start":{"line":47,"column":4},"end":{"line":47,"column":null}},"24":{"start":{"line":47,"column":17},"end":{"line":47,"column":null}}},"fnMap":{"0":{"name":"setupNavigationDom","decl":{"start":{"line":10,"column":16},"end":{"line":10,"column":34}},"loc":{"start":{"line":10,"column":37},"end":{"line":42,"column":null}},"line":10},"1":{"name":"(anonymous_1)","decl":{"start":{"line":11,"column":22},"end":{"line":11,"column":23}},"loc":{"start":{"line":11,"column":37},"end":{"line":33,"column":3}},"line":11},"2":{"name":"(anonymous_2)","decl":{"start":{"line":24,"column":11},"end":{"line":24,"column":12}},"loc":{"start":{"line":24,"column":17},"end":{"line":24,"column":28}},"line":24},"3":{"name":"(anonymous_3)","decl":{"start":{"line":28,"column":11},"end":{"line":28,"column":12}},"loc":{"start":{"line":28,"column":17},"end":{"line":28,"column":20}},"line":28},"4":{"name":"(anonymous_4)","decl":{"start":{"line":31,"column":36},"end":{"line":31,"column":37}},"loc":{"start":{"line":31,"column":43},"end":{"line":31,"column":63}},"line":31},"5":{"name":"(anonymous_5)","decl":{"start":{"line":39,"column":11},"end":{"line":39,"column":12}},"loc":{"start":{"line":39,"column":17},"end":{"line":39,"column":19}},"line":39},"6":{"name":"teardownNavigationDom","decl":{"start":{"line":44,"column":16},"end":{"line":44,"column":37}},"loc":{"start":{"line":44,"column":40},"end":{"line":49,"column":null}},"line":44},"7":{"name":"(anonymous_7)","decl":{"start":{"line":45,"column":22},"end":{"line":45,"column":23}},"loc":{"start":{"line":45,"column":30},"end":{"line":48,"column":3}},"line":45}},"branchMap":{"0":{"loc":{"start":{"line":13,"column":4},"end":{"line":13,"column":null}},"type":"if","locations":[{"start":{"line":13,"column":4},"end":{"line":13,"column":null}},{"start":{},"end":{}}],"line":13},"1":{"loc":{"start":{"line":36,"column":2},"end":{"line":41,"column":null}},"type":"if","locations":[{"start":{"line":36,"column":2},"end":{"line":41,"column":null}},{"start":{},"end":{}}],"line":36},"2":{"loc":{"start":{"line":36,"column":6},"end":{"line":36,"column":82}},"type":"binary-expr","locations":[{"start":{"line":36,"column":6},"end":{"line":36,"column":20}},{"start":{"line":36,"column":24},"end":{"line":36,"column":82}}],"line":36},"3":{"loc":{"start":{"line":47,"column":4},"end":{"line":47,"column":null}},"type":"if","locations":[{"start":{"line":47,"column":4},"end":{"line":47,"column":null}},{"start":{},"end":{}}],"line":47}},"s":{"0":1,"1":27,"2":162,"3":162,"4":0,"5":162,"6":162,"7":162,"8":162,"9":162,"10":162,"11":174,"12":162,"13":174,"14":162,"15":0,"16":162,"17":27,"18":27,"19":0,"20":0,"21":27,"22":162,"23":162,"24":162},"f":{"0":27,"1":162,"2":174,"3":174,"4":0,"5":0,"6":27,"7":162},"b":{"0":[0,162],"1":[0,27],"2":[27,0],"3":[162,0]},"meta":{"lastBranch":4,"lastFunction":8,"lastStatement":25,"seen":{"s:1:20:8:Infinity":0,"f:10:16:10:34":0,"s:11:2:33:Infinity":1,"f:11:22:11:23":1,"s:12:21:12:Infinity":2,"b:13:4:13:Infinity:undefined:undefined:undefined:undefined":0,"s:13:4:13:Infinity":3,"s:13:18:13:Infinity":4,"s:15:20:15:Infinity":5,"s:16:4:16:Infinity":6,"s:18:19:18:Infinity":7,"s:19:4:19:Infinity":8,"s:20:4:20:Infinity":9,"s:22:4:25:Infinity":10,"f:24:11:24:12":2,"s:24:17:24:28":11,"s:26:4:29:Infinity":12,"f:28:11:28:12":3,"s:28:17:28:20":13,"s:31:4:31:Infinity":14,"f:31:36:31:37":4,"s:31:43:31:63":15,"s:32:4:32:Infinity":16,"s:35:25:35:Infinity":17,"b:36:2:41:Infinity:undefined:undefined:undefined:undefined":1,"s:36:2:41:Infinity":18,"b:36:6:36:20:36:24:36:82":2,"s:37:4:40:Infinity":19,"f:39:11:39:12":5,"s:39:17:39:19":20,"f:44:16:44:37":6,"s:45:2:48:Infinity":21,"f:45:22:45:23":7,"s:46:20:46:Infinity":22,"b:47:4:47:Infinity:undefined:undefined:undefined:undefined":3,"s:47:4:47:Infinity":23,"s:47:17:47:Infinity":24}}}
}
